<?xml version="1.0" encoding="UTF-8"?>
<!-- Generated by org.testng.reporters.JUnitReportReporter -->
<testsuite ignored="0" hostname="LAPTOP-SFUJT527" failures="0" tests="1" name="Testing.Ejemplo_SoftAssert" time="2.289" errors="0" timestamp="10 ago 2024 17:37:44 GMT" skipped="0">
  <testcase classname="Testing.Ejemplo_SoftAssert" name="Prueba2" time="2.289"/>
</testsuite> <!-- Testing.Ejemplo_SoftAssert -->
