<?xml version="1.0" encoding="UTF-8"?>
<!-- Generated by org.testng.reporters.JUnitReportReporter -->
<testsuite ignored="0" hostname="LAPTOP-SFUJT527" failures="0" tests="1" name="Testing.Ejemplo_HardAssert" time="2.287" errors="0" timestamp="10 ago 2024 17:15:37 GMT" skipped="0">
  <testcase classname="Testing.Ejemplo_HardAssert" name="prueba1" time="2.287"/>
</testsuite> <!-- Testing.Ejemplo_HardAssert -->
