<?xml version="1.0" encoding="UTF-8"?>
<!-- Generated by org.testng.reporters.JUnitReportReporter -->
<testsuite ignored="0" hostname="LAPTOP-SFUJT527" failures="0" tests="1" name="Testing.NewTest" time="2.544" errors="0" timestamp="20 jul 2024 17:15:03 GMT" skipped="0">
  <testcase classname="Testing.NewTest" name="f" time="2.544"/>
</testsuite> <!-- Testing.NewTest -->
