<?xml version="1.0" encoding="UTF-8"?>
<!-- Generated by org.testng.reporters.JUnitReportReporter -->
<testsuite ignored="0" hostname="LAPTOP-SFUJT527" failures="0" tests="1" name="loginTests.TC_02_LoginError" time="0.204" errors="0" timestamp="17 ago 2024 17:49:36 GMT" skipped="0">
  <testcase classname="loginTests.TC_02_LoginError" name="TC_01" time="0.204"/>
</testsuite> <!-- loginTests.TC_02_LoginError -->
