<?xml version="1.0" encoding="UTF-8"?>
<!-- Generated by org.testng.reporters.JUnitReportReporter -->
<testsuite ignored="0" hostname="LAPTOP-SFUJT527" failures="0" tests="1" name="InventoryTests.TC_03_ValidateRemoveButton" time="0.372" errors="0" timestamp="17 ago 2024 17:49:36 GMT" skipped="0">
  <testcase classname="InventoryTests.TC_03_ValidateRemoveButton" name="TC_01" time="0.372"/>
</testsuite> <!-- InventoryTests.TC_03_ValidateRemoveButton -->
