<?xml version="1.0" encoding="UTF-8"?>
<!-- Generated by org.testng.reporters.JUnitReportReporter -->
<testsuite ignored="0" hostname="LAPTOP-SFUJT527" failures="0" tests="1" name="loginTests.TC_01_Login" time="0.251" errors="0" timestamp="24 ago 2024 14:50:49 GMT" skipped="0">
  <testcase classname="loginTests.TC_01_Login" name="TC_01" time="0.251"/>
</testsuite> <!-- loginTests.TC_01_Login -->
